0 info it worked if it ends with ok
1 verbose cli [ 'C:\\Program Files\\nodejs\\node.exe',
1 verbose cli   'C:\\Program Files\\nodejs\\node_modules\\npm\\bin\\npm-cli.js',
1 verbose cli   'run',
1 verbose cli   'dev',
1 verbose cli   'index.js' ]
2 info using npm@3.10.10
3 info using node@v6.9.4
4 verbose run-script [ 'predev', 'dev', 'postdev' ]
5 info lifecycle chattrbox@1.0.0~predev: chattrbox@1.0.0
6 silly lifecycle chattrbox@1.0.0~predev: no script for predev, continuing
7 info lifecycle chattrbox@1.0.0~dev: chattrbox@1.0.0
8 verbose lifecycle chattrbox@1.0.0~dev: unsafe-perm in lifecycle true
9 verbose lifecycle chattrbox@1.0.0~dev: PATH: C:\Program Files\nodejs\node_modules\npm\bin\node-gyp-bin;C:\Users\Felipe\front-end-dev-book\Chattrbox9\node_modules\.bin;C:\Program Files\apache-maven-3.3.9-bin\apache-maven-3.3.9\bin;C:\Program Files\Java\jdk1.8.0_121\bin;C:\ProgramData\Oracle\Java\javapath;C:\Program Files (x86)\Lenovo\FusionEngine;C:\Program Files (x86)\Intel\iCLS Client\;C:\Program Files\Intel\iCLS Client\;C:\WINDOWS\system32;C:\WINDOWS;C:\WINDOWS\System32\Wbem;C:\WINDOWS\System32\WindowsPowerShell\v1.0\;C:\Program Files\Intel\Intel(R) Management Engine Components\DAL;C:\Program Files (x86)\Intel\Intel(R) Management Engine Components\DAL;C:\Program Files\Intel\Intel(R) Management Engine Components\IPT;C:\Program Files (x86)\Intel\Intel(R) Management Engine Components\IPT;C:\Program Files (x86)\Lenovo\Motion Control\;C:\Program Files (x86)\Common Files\lenovo\easyplussdk\bin;C:\WINDOWS\system32\config\systemprofile\.dnx\bin;C:\Program Files\Microsoft DNX\Dnvm\;C:\Program Files (x86)\Windows Kits\8.1\Windows Performance Toolkit\;C:\Program Files\nodejs\;C:\Program Files (x86)\PuTTY\;C:\Program Files\SourceGear\Common\DiffMerge\;C:\Apache24\bin;C:\Program Files (x86)\Brackets\command;C:\Users\Felipe\AppData\Roaming\npm;C:\Users\Felipe\AppData\Local\Microsoft\WindowsApps;C:\Program Files\apache-maven-3.3.9-bin\apache-maven-3.3.9\bin\mvn
10 verbose lifecycle chattrbox@1.0.0~dev: CWD: C:\Users\Felipe\front-end-dev-book\Chattrbox9
11 silly lifecycle chattrbox@1.0.0~dev: Args: [ '/d /s /c', 'nodemon index.js "index.js"' ]
12 silly lifecycle chattrbox@1.0.0~dev: Returned: code: 1  signal: null
13 info lifecycle chattrbox@1.0.0~dev: Failed to exec dev script
14 verbose stack Error: chattrbox@1.0.0 dev: `nodemon index.js "index.js"`
14 verbose stack Exit status 1
14 verbose stack     at EventEmitter.<anonymous> (C:\Program Files\nodejs\node_modules\npm\lib\utils\lifecycle.js:255:16)
14 verbose stack     at emitTwo (events.js:106:13)
14 verbose stack     at EventEmitter.emit (events.js:191:7)
14 verbose stack     at ChildProcess.<anonymous> (C:\Program Files\nodejs\node_modules\npm\lib\utils\spawn.js:40:14)
14 verbose stack     at emitTwo (events.js:106:13)
14 verbose stack     at ChildProcess.emit (events.js:191:7)
14 verbose stack     at maybeClose (internal/child_process.js:877:16)
14 verbose stack     at Process.ChildProcess._handle.onexit (internal/child_process.js:226:5)
15 verbose pkgid chattrbox@1.0.0
16 verbose cwd C:\Users\Felipe\front-end-dev-book\Chattrbox9
17 error Windows_NT 10.0.14393
18 error argv "C:\\Program Files\\nodejs\\node.exe" "C:\\Program Files\\nodejs\\node_modules\\npm\\bin\\npm-cli.js" "run" "dev" "index.js"
19 error node v6.9.4
20 error npm  v3.10.10
21 error code ELIFECYCLE
22 error chattrbox@1.0.0 dev: `nodemon index.js "index.js"`
22 error Exit status 1
23 error Failed at the chattrbox@1.0.0 dev script 'nodemon index.js "index.js"'.
23 error Make sure you have the latest version of node.js and npm installed.
23 error If you do, this is most likely a problem with the chattrbox package,
23 error not with npm itself.
23 error Tell the author that this fails on your system:
23 error     nodemon index.js "index.js"
23 error You can get information on how to open an issue for this project with:
23 error     npm bugs chattrbox
23 error Or if that isn't available, you can get their info via:
23 error     npm owner ls chattrbox
23 error There is likely additional logging output above.
24 verbose exit [ 1, true ]
